<?xml version="1.0" encoding="UTF-8"?>
<!-- Generated by org.testng.reporters.JUnitReportReporter -->
<testsuite ignored="0" hostname="LISS" failures="0" tests="1" name="testing.Test_Selenium" time="5.878" errors="0" timestamp="04 ago 2024 17:30:21 GMT" skipped="0">
  <testcase classname="testing.Test_Selenium" name="f" time="5.878"/>
</testsuite> <!-- testing.Test_Selenium -->
